ARM GAS  /tmp/ccSZlhiq.s 			page 1


   1              		.cpu cortex-m3
   2              		.arch armv7-m
   3              		.fpu softvfp
   4              		.eabi_attribute 20, 1
   5              		.eabi_attribute 21, 1
   6              		.eabi_attribute 23, 3
   7              		.eabi_attribute 24, 1
   8              		.eabi_attribute 25, 1
   9              		.eabi_attribute 26, 1
  10              		.eabi_attribute 30, 1
  11              		.eabi_attribute 34, 1
  12              		.eabi_attribute 18, 4
  13              		.file	"main.c"
  14              		.text
  15              	.Ltext0:
  16              		.cfi_sections	.debug_frame
  17              		.file 1 "Core/Src/main.c"
  18              		.section	.text.MX_GPIO_Init,"ax",%progbits
  19              		.align	1
  20              		.syntax unified
  21              		.thumb
  22              		.thumb_func
  24              	MX_GPIO_Init:
  25              	.LFB67:
   1:Core/Src/main.c **** /* USER CODE BEGIN Header */
   2:Core/Src/main.c **** /**
   3:Core/Src/main.c ****   ******************************************************************************
   4:Core/Src/main.c ****   * @file           : main.c
   5:Core/Src/main.c ****   * @brief          : Main program body
   6:Core/Src/main.c ****   ******************************************************************************
   7:Core/Src/main.c ****   * @attention
   8:Core/Src/main.c ****   *
   9:Core/Src/main.c ****   * Copyright (c) 2024 STMicroelectronics.
  10:Core/Src/main.c ****   * All rights reserved.
  11:Core/Src/main.c ****   *
  12:Core/Src/main.c ****   * This software is licensed under terms that can be found in the LICENSE file
  13:Core/Src/main.c ****   * in the root directory of this software component.
  14:Core/Src/main.c ****   * If no LICENSE file comes with this software, it is provided AS-IS.
  15:Core/Src/main.c ****   *
  16:Core/Src/main.c ****   ******************************************************************************
  17:Core/Src/main.c ****   */
  18:Core/Src/main.c **** /* USER CODE END Header */
  19:Core/Src/main.c **** /* Includes ------------------------------------------------------------------*/
  20:Core/Src/main.c **** #include "main.h"
  21:Core/Src/main.c **** 
  22:Core/Src/main.c **** /* Private includes ----------------------------------------------------------*/
  23:Core/Src/main.c **** /* USER CODE BEGIN Includes */
  24:Core/Src/main.c **** #include "blinkled.h"
  25:Core/Src/main.c **** /* USER CODE END Includes */
  26:Core/Src/main.c **** 
  27:Core/Src/main.c **** /* Private typedef -----------------------------------------------------------*/
  28:Core/Src/main.c **** /* USER CODE BEGIN PTD */
  29:Core/Src/main.c **** 
  30:Core/Src/main.c **** /* USER CODE END PTD */
  31:Core/Src/main.c **** 
  32:Core/Src/main.c **** /* Private define ------------------------------------------------------------*/
  33:Core/Src/main.c **** /* USER CODE BEGIN PD */
ARM GAS  /tmp/ccSZlhiq.s 			page 2


  34:Core/Src/main.c **** 
  35:Core/Src/main.c **** /* USER CODE END PD */
  36:Core/Src/main.c **** 
  37:Core/Src/main.c **** /* Private macro -------------------------------------------------------------*/
  38:Core/Src/main.c **** /* USER CODE BEGIN PM */
  39:Core/Src/main.c **** 
  40:Core/Src/main.c **** /* USER CODE END PM */
  41:Core/Src/main.c **** 
  42:Core/Src/main.c **** /* Private variables ---------------------------------------------------------*/
  43:Core/Src/main.c **** 
  44:Core/Src/main.c **** /* USER CODE BEGIN PV */
  45:Core/Src/main.c **** 
  46:Core/Src/main.c **** /* USER CODE END PV */
  47:Core/Src/main.c **** 
  48:Core/Src/main.c **** /* Private function prototypes -----------------------------------------------*/
  49:Core/Src/main.c **** void SystemClock_Config(void);
  50:Core/Src/main.c **** static void MX_GPIO_Init(void);
  51:Core/Src/main.c **** /* USER CODE BEGIN PFP */
  52:Core/Src/main.c **** 
  53:Core/Src/main.c **** /* USER CODE END PFP */
  54:Core/Src/main.c **** 
  55:Core/Src/main.c **** /* Private user code ---------------------------------------------------------*/
  56:Core/Src/main.c **** /* USER CODE BEGIN 0 */
  57:Core/Src/main.c **** 
  58:Core/Src/main.c **** /* USER CODE END 0 */
  59:Core/Src/main.c **** 
  60:Core/Src/main.c **** /**
  61:Core/Src/main.c ****   * @brief  The application entry point.
  62:Core/Src/main.c ****   * @retval int
  63:Core/Src/main.c ****   */
  64:Core/Src/main.c **** int main(void)
  65:Core/Src/main.c **** {
  66:Core/Src/main.c ****   /* USER CODE BEGIN 1 */
  67:Core/Src/main.c **** 
  68:Core/Src/main.c ****   /* USER CODE END 1 */
  69:Core/Src/main.c **** 
  70:Core/Src/main.c ****   /* MCU Configuration--------------------------------------------------------*/
  71:Core/Src/main.c **** 
  72:Core/Src/main.c ****   /* Reset of all peripherals, Initializes the Flash interface and the Systick. */
  73:Core/Src/main.c ****   HAL_Init();
  74:Core/Src/main.c **** 
  75:Core/Src/main.c ****   /* USER CODE BEGIN Init */
  76:Core/Src/main.c ****   gpio_init();
  77:Core/Src/main.c ****   /* USER CODE END Init */
  78:Core/Src/main.c **** 
  79:Core/Src/main.c ****   /* Configure the system clock */
  80:Core/Src/main.c ****   SystemClock_Config();
  81:Core/Src/main.c **** 
  82:Core/Src/main.c ****   /* USER CODE BEGIN SysInit */
  83:Core/Src/main.c **** 
  84:Core/Src/main.c ****   /* USER CODE END SysInit */
  85:Core/Src/main.c **** 
  86:Core/Src/main.c ****   /* Initialize all configured peripherals */
  87:Core/Src/main.c ****   MX_GPIO_Init();
  88:Core/Src/main.c ****   /* USER CODE BEGIN 2 */
  89:Core/Src/main.c **** 
  90:Core/Src/main.c ****   /* USER CODE END 2 */
ARM GAS  /tmp/ccSZlhiq.s 			page 3


  91:Core/Src/main.c **** 
  92:Core/Src/main.c ****   /* Infinite loop */
  93:Core/Src/main.c ****   /* USER CODE BEGIN WHILE */
  94:Core/Src/main.c ****   while (1)
  95:Core/Src/main.c ****   {
  96:Core/Src/main.c ****     /* USER CODE END WHILE */
  97:Core/Src/main.c ****     gpio_togglepin();
  98:Core/Src/main.c ****     HAL_Delay(100);
  99:Core/Src/main.c ****         /* USER CODE BEGIN 3 */
 100:Core/Src/main.c ****   }
 101:Core/Src/main.c ****   /* USER CODE END 3 */
 102:Core/Src/main.c **** }
 103:Core/Src/main.c **** 
 104:Core/Src/main.c **** /**
 105:Core/Src/main.c ****   * @brief System Clock Configuration
 106:Core/Src/main.c ****   * @retval None
 107:Core/Src/main.c ****   */
 108:Core/Src/main.c **** void SystemClock_Config(void)
 109:Core/Src/main.c **** {
 110:Core/Src/main.c ****   RCC_OscInitTypeDef RCC_OscInitStruct = {0};
 111:Core/Src/main.c ****   RCC_ClkInitTypeDef RCC_ClkInitStruct = {0};
 112:Core/Src/main.c **** 
 113:Core/Src/main.c ****   /** Initializes the RCC Oscillators according to the specified parameters
 114:Core/Src/main.c ****   * in the RCC_OscInitTypeDef structure.
 115:Core/Src/main.c ****   */
 116:Core/Src/main.c ****   RCC_OscInitStruct.OscillatorType = RCC_OSCILLATORTYPE_HSI;
 117:Core/Src/main.c ****   RCC_OscInitStruct.HSIState = RCC_HSI_ON;
 118:Core/Src/main.c ****   RCC_OscInitStruct.HSICalibrationValue = RCC_HSICALIBRATION_DEFAULT;
 119:Core/Src/main.c ****   RCC_OscInitStruct.PLL.PLLState = RCC_PLL_NONE;
 120:Core/Src/main.c ****   if (HAL_RCC_OscConfig(&RCC_OscInitStruct) != HAL_OK)
 121:Core/Src/main.c ****   {
 122:Core/Src/main.c ****     Error_Handler();
 123:Core/Src/main.c ****   }
 124:Core/Src/main.c **** 
 125:Core/Src/main.c ****   /** Initializes the CPU, AHB and APB buses clocks
 126:Core/Src/main.c ****   */
 127:Core/Src/main.c ****   RCC_ClkInitStruct.ClockType = RCC_CLOCKTYPE_HCLK|RCC_CLOCKTYPE_SYSCLK
 128:Core/Src/main.c ****                               |RCC_CLOCKTYPE_PCLK1|RCC_CLOCKTYPE_PCLK2;
 129:Core/Src/main.c ****   RCC_ClkInitStruct.SYSCLKSource = RCC_SYSCLKSOURCE_HSI;
 130:Core/Src/main.c ****   RCC_ClkInitStruct.AHBCLKDivider = RCC_SYSCLK_DIV1;
 131:Core/Src/main.c ****   RCC_ClkInitStruct.APB1CLKDivider = RCC_HCLK_DIV1;
 132:Core/Src/main.c ****   RCC_ClkInitStruct.APB2CLKDivider = RCC_HCLK_DIV1;
 133:Core/Src/main.c **** 
 134:Core/Src/main.c ****   if (HAL_RCC_ClockConfig(&RCC_ClkInitStruct, FLASH_LATENCY_0) != HAL_OK)
 135:Core/Src/main.c ****   {
 136:Core/Src/main.c ****     Error_Handler();
 137:Core/Src/main.c ****   }
 138:Core/Src/main.c **** }
 139:Core/Src/main.c **** 
 140:Core/Src/main.c **** /**
 141:Core/Src/main.c ****   * @brief GPIO Initialization Function
 142:Core/Src/main.c ****   * @param None
 143:Core/Src/main.c ****   * @retval None
 144:Core/Src/main.c ****   */
 145:Core/Src/main.c **** static void MX_GPIO_Init(void)
 146:Core/Src/main.c **** {
  26              		.loc 1 146 1 view -0
ARM GAS  /tmp/ccSZlhiq.s 			page 4


  27              		.cfi_startproc
  28              		@ args = 0, pretend = 0, frame = 8
  29              		@ frame_needed = 0, uses_anonymous_args = 0
  30              		@ link register save eliminated.
  31 0000 82B0     		sub	sp, sp, #8
  32              		.cfi_def_cfa_offset 8
 147:Core/Src/main.c **** /* USER CODE BEGIN MX_GPIO_Init_1 */
 148:Core/Src/main.c **** /* USER CODE END MX_GPIO_Init_1 */
 149:Core/Src/main.c **** 
 150:Core/Src/main.c ****   /* GPIO Ports Clock Enable */
 151:Core/Src/main.c ****   __HAL_RCC_GPIOA_CLK_ENABLE();
  33              		.loc 1 151 3 view .LVU1
  34              	.LBB4:
  35              		.loc 1 151 3 view .LVU2
  36              		.loc 1 151 3 view .LVU3
  37 0002 064B     		ldr	r3, .L3
  38 0004 9A69     		ldr	r2, [r3, #24]
  39 0006 42F00402 		orr	r2, r2, #4
  40 000a 9A61     		str	r2, [r3, #24]
  41              		.loc 1 151 3 view .LVU4
  42 000c 9B69     		ldr	r3, [r3, #24]
  43 000e 03F00403 		and	r3, r3, #4
  44 0012 0193     		str	r3, [sp, #4]
  45              		.loc 1 151 3 view .LVU5
  46 0014 019B     		ldr	r3, [sp, #4]
  47              	.LBE4:
  48              		.loc 1 151 3 view .LVU6
 152:Core/Src/main.c **** 
 153:Core/Src/main.c **** /* USER CODE BEGIN MX_GPIO_Init_2 */
 154:Core/Src/main.c **** /* USER CODE END MX_GPIO_Init_2 */
 155:Core/Src/main.c **** }
  49              		.loc 1 155 1 is_stmt 0 view .LVU7
  50 0016 02B0     		add	sp, sp, #8
  51              		.cfi_def_cfa_offset 0
  52              		@ sp needed
  53 0018 7047     		bx	lr
  54              	.L4:
  55 001a 00BF     		.align	2
  56              	.L3:
  57 001c 00100240 		.word	1073876992
  58              		.cfi_endproc
  59              	.LFE67:
  61              		.section	.text.Error_Handler,"ax",%progbits
  62              		.align	1
  63              		.global	Error_Handler
  64              		.syntax unified
  65              		.thumb
  66              		.thumb_func
  68              	Error_Handler:
  69              	.LFB68:
 156:Core/Src/main.c **** 
 157:Core/Src/main.c **** /* USER CODE BEGIN 4 */
 158:Core/Src/main.c **** 
 159:Core/Src/main.c **** /* USER CODE END 4 */
 160:Core/Src/main.c **** 
 161:Core/Src/main.c **** /**
 162:Core/Src/main.c ****   * @brief  This function is executed in case of error occurrence.
ARM GAS  /tmp/ccSZlhiq.s 			page 5


 163:Core/Src/main.c ****   * @retval None
 164:Core/Src/main.c ****   */
 165:Core/Src/main.c **** void Error_Handler(void)
 166:Core/Src/main.c **** {
  70              		.loc 1 166 1 is_stmt 1 view -0
  71              		.cfi_startproc
  72              		@ Volatile: function does not return.
  73              		@ args = 0, pretend = 0, frame = 0
  74              		@ frame_needed = 0, uses_anonymous_args = 0
  75              		@ link register save eliminated.
 167:Core/Src/main.c ****   /* USER CODE BEGIN Error_Handler_Debug */
 168:Core/Src/main.c ****   /* User can add his own implementation to report the HAL error return state */
 169:Core/Src/main.c ****   __disable_irq();
  76              		.loc 1 169 3 view .LVU9
  77              	.LBB5:
  78              	.LBI5:
  79              		.file 2 "Drivers/CMSIS/Include/cmsis_gcc.h"
   1:Drivers/CMSIS/Include/cmsis_gcc.h **** /**************************************************************************//**
   2:Drivers/CMSIS/Include/cmsis_gcc.h ****  * @file     cmsis_gcc.h
   3:Drivers/CMSIS/Include/cmsis_gcc.h ****  * @brief    CMSIS compiler GCC header file
   4:Drivers/CMSIS/Include/cmsis_gcc.h ****  * @version  V5.0.4
   5:Drivers/CMSIS/Include/cmsis_gcc.h ****  * @date     09. April 2018
   6:Drivers/CMSIS/Include/cmsis_gcc.h ****  ******************************************************************************/
   7:Drivers/CMSIS/Include/cmsis_gcc.h **** /*
   8:Drivers/CMSIS/Include/cmsis_gcc.h ****  * Copyright (c) 2009-2018 Arm Limited. All rights reserved.
   9:Drivers/CMSIS/Include/cmsis_gcc.h ****  *
  10:Drivers/CMSIS/Include/cmsis_gcc.h ****  * SPDX-License-Identifier: Apache-2.0
  11:Drivers/CMSIS/Include/cmsis_gcc.h ****  *
  12:Drivers/CMSIS/Include/cmsis_gcc.h ****  * Licensed under the Apache License, Version 2.0 (the License); you may
  13:Drivers/CMSIS/Include/cmsis_gcc.h ****  * not use this file except in compliance with the License.
  14:Drivers/CMSIS/Include/cmsis_gcc.h ****  * You may obtain a copy of the License at
  15:Drivers/CMSIS/Include/cmsis_gcc.h ****  *
  16:Drivers/CMSIS/Include/cmsis_gcc.h ****  * www.apache.org/licenses/LICENSE-2.0
  17:Drivers/CMSIS/Include/cmsis_gcc.h ****  *
  18:Drivers/CMSIS/Include/cmsis_gcc.h ****  * Unless required by applicable law or agreed to in writing, software
  19:Drivers/CMSIS/Include/cmsis_gcc.h ****  * distributed under the License is distributed on an AS IS BASIS, WITHOUT
  20:Drivers/CMSIS/Include/cmsis_gcc.h ****  * WARRANTIES OR CONDITIONS OF ANY KIND, either express or implied.
  21:Drivers/CMSIS/Include/cmsis_gcc.h ****  * See the License for the specific language governing permissions and
  22:Drivers/CMSIS/Include/cmsis_gcc.h ****  * limitations under the License.
  23:Drivers/CMSIS/Include/cmsis_gcc.h ****  */
  24:Drivers/CMSIS/Include/cmsis_gcc.h **** 
  25:Drivers/CMSIS/Include/cmsis_gcc.h **** #ifndef __CMSIS_GCC_H
  26:Drivers/CMSIS/Include/cmsis_gcc.h **** #define __CMSIS_GCC_H
  27:Drivers/CMSIS/Include/cmsis_gcc.h **** 
  28:Drivers/CMSIS/Include/cmsis_gcc.h **** /* ignore some GCC warnings */
  29:Drivers/CMSIS/Include/cmsis_gcc.h **** #pragma GCC diagnostic push
  30:Drivers/CMSIS/Include/cmsis_gcc.h **** #pragma GCC diagnostic ignored "-Wsign-conversion"
  31:Drivers/CMSIS/Include/cmsis_gcc.h **** #pragma GCC diagnostic ignored "-Wconversion"
  32:Drivers/CMSIS/Include/cmsis_gcc.h **** #pragma GCC diagnostic ignored "-Wunused-parameter"
  33:Drivers/CMSIS/Include/cmsis_gcc.h **** 
  34:Drivers/CMSIS/Include/cmsis_gcc.h **** /* Fallback for __has_builtin */
  35:Drivers/CMSIS/Include/cmsis_gcc.h **** #ifndef __has_builtin
  36:Drivers/CMSIS/Include/cmsis_gcc.h ****   #define __has_builtin(x) (0)
  37:Drivers/CMSIS/Include/cmsis_gcc.h **** #endif
  38:Drivers/CMSIS/Include/cmsis_gcc.h **** 
  39:Drivers/CMSIS/Include/cmsis_gcc.h **** /* CMSIS compiler specific defines */
  40:Drivers/CMSIS/Include/cmsis_gcc.h **** #ifndef   __ASM
ARM GAS  /tmp/ccSZlhiq.s 			page 6


  41:Drivers/CMSIS/Include/cmsis_gcc.h ****   #define __ASM                                  __asm
  42:Drivers/CMSIS/Include/cmsis_gcc.h **** #endif
  43:Drivers/CMSIS/Include/cmsis_gcc.h **** #ifndef   __INLINE
  44:Drivers/CMSIS/Include/cmsis_gcc.h ****   #define __INLINE                               inline
  45:Drivers/CMSIS/Include/cmsis_gcc.h **** #endif
  46:Drivers/CMSIS/Include/cmsis_gcc.h **** #ifndef   __STATIC_INLINE
  47:Drivers/CMSIS/Include/cmsis_gcc.h ****   #define __STATIC_INLINE                        static inline
  48:Drivers/CMSIS/Include/cmsis_gcc.h **** #endif
  49:Drivers/CMSIS/Include/cmsis_gcc.h **** #ifndef   __STATIC_FORCEINLINE                 
  50:Drivers/CMSIS/Include/cmsis_gcc.h ****   #define __STATIC_FORCEINLINE                   __attribute__((always_inline)) static inline
  51:Drivers/CMSIS/Include/cmsis_gcc.h **** #endif                                           
  52:Drivers/CMSIS/Include/cmsis_gcc.h **** #ifndef   __NO_RETURN
  53:Drivers/CMSIS/Include/cmsis_gcc.h ****   #define __NO_RETURN                            __attribute__((__noreturn__))
  54:Drivers/CMSIS/Include/cmsis_gcc.h **** #endif
  55:Drivers/CMSIS/Include/cmsis_gcc.h **** #ifndef   __USED
  56:Drivers/CMSIS/Include/cmsis_gcc.h ****   #define __USED                                 __attribute__((used))
  57:Drivers/CMSIS/Include/cmsis_gcc.h **** #endif
  58:Drivers/CMSIS/Include/cmsis_gcc.h **** #ifndef   __WEAK
  59:Drivers/CMSIS/Include/cmsis_gcc.h ****   #define __WEAK                                 __attribute__((weak))
  60:Drivers/CMSIS/Include/cmsis_gcc.h **** #endif
  61:Drivers/CMSIS/Include/cmsis_gcc.h **** #ifndef   __PACKED
  62:Drivers/CMSIS/Include/cmsis_gcc.h ****   #define __PACKED                               __attribute__((packed, aligned(1)))
  63:Drivers/CMSIS/Include/cmsis_gcc.h **** #endif
  64:Drivers/CMSIS/Include/cmsis_gcc.h **** #ifndef   __PACKED_STRUCT
  65:Drivers/CMSIS/Include/cmsis_gcc.h ****   #define __PACKED_STRUCT                        struct __attribute__((packed, aligned(1)))
  66:Drivers/CMSIS/Include/cmsis_gcc.h **** #endif
  67:Drivers/CMSIS/Include/cmsis_gcc.h **** #ifndef   __PACKED_UNION
  68:Drivers/CMSIS/Include/cmsis_gcc.h ****   #define __PACKED_UNION                         union __attribute__((packed, aligned(1)))
  69:Drivers/CMSIS/Include/cmsis_gcc.h **** #endif
  70:Drivers/CMSIS/Include/cmsis_gcc.h **** #ifndef   __UNALIGNED_UINT32        /* deprecated */
  71:Drivers/CMSIS/Include/cmsis_gcc.h ****   #pragma GCC diagnostic push
  72:Drivers/CMSIS/Include/cmsis_gcc.h ****   #pragma GCC diagnostic ignored "-Wpacked"
  73:Drivers/CMSIS/Include/cmsis_gcc.h ****   #pragma GCC diagnostic ignored "-Wattributes"
  74:Drivers/CMSIS/Include/cmsis_gcc.h ****   struct __attribute__((packed)) T_UINT32 { uint32_t v; };
  75:Drivers/CMSIS/Include/cmsis_gcc.h ****   #pragma GCC diagnostic pop
  76:Drivers/CMSIS/Include/cmsis_gcc.h ****   #define __UNALIGNED_UINT32(x)                  (((struct T_UINT32 *)(x))->v)
  77:Drivers/CMSIS/Include/cmsis_gcc.h **** #endif
  78:Drivers/CMSIS/Include/cmsis_gcc.h **** #ifndef   __UNALIGNED_UINT16_WRITE
  79:Drivers/CMSIS/Include/cmsis_gcc.h ****   #pragma GCC diagnostic push
  80:Drivers/CMSIS/Include/cmsis_gcc.h ****   #pragma GCC diagnostic ignored "-Wpacked"
  81:Drivers/CMSIS/Include/cmsis_gcc.h ****   #pragma GCC diagnostic ignored "-Wattributes"
  82:Drivers/CMSIS/Include/cmsis_gcc.h ****   __PACKED_STRUCT T_UINT16_WRITE { uint16_t v; };
  83:Drivers/CMSIS/Include/cmsis_gcc.h ****   #pragma GCC diagnostic pop
  84:Drivers/CMSIS/Include/cmsis_gcc.h ****   #define __UNALIGNED_UINT16_WRITE(addr, val)    (void)((((struct T_UINT16_WRITE *)(void *)(addr))-
  85:Drivers/CMSIS/Include/cmsis_gcc.h **** #endif
  86:Drivers/CMSIS/Include/cmsis_gcc.h **** #ifndef   __UNALIGNED_UINT16_READ
  87:Drivers/CMSIS/Include/cmsis_gcc.h ****   #pragma GCC diagnostic push
  88:Drivers/CMSIS/Include/cmsis_gcc.h ****   #pragma GCC diagnostic ignored "-Wpacked"
  89:Drivers/CMSIS/Include/cmsis_gcc.h ****   #pragma GCC diagnostic ignored "-Wattributes"
  90:Drivers/CMSIS/Include/cmsis_gcc.h ****   __PACKED_STRUCT T_UINT16_READ { uint16_t v; };
  91:Drivers/CMSIS/Include/cmsis_gcc.h ****   #pragma GCC diagnostic pop
  92:Drivers/CMSIS/Include/cmsis_gcc.h ****   #define __UNALIGNED_UINT16_READ(addr)          (((const struct T_UINT16_READ *)(const void *)(add
  93:Drivers/CMSIS/Include/cmsis_gcc.h **** #endif
  94:Drivers/CMSIS/Include/cmsis_gcc.h **** #ifndef   __UNALIGNED_UINT32_WRITE
  95:Drivers/CMSIS/Include/cmsis_gcc.h ****   #pragma GCC diagnostic push
  96:Drivers/CMSIS/Include/cmsis_gcc.h ****   #pragma GCC diagnostic ignored "-Wpacked"
  97:Drivers/CMSIS/Include/cmsis_gcc.h ****   #pragma GCC diagnostic ignored "-Wattributes"
ARM GAS  /tmp/ccSZlhiq.s 			page 7


  98:Drivers/CMSIS/Include/cmsis_gcc.h ****   __PACKED_STRUCT T_UINT32_WRITE { uint32_t v; };
  99:Drivers/CMSIS/Include/cmsis_gcc.h ****   #pragma GCC diagnostic pop
 100:Drivers/CMSIS/Include/cmsis_gcc.h ****   #define __UNALIGNED_UINT32_WRITE(addr, val)    (void)((((struct T_UINT32_WRITE *)(void *)(addr))-
 101:Drivers/CMSIS/Include/cmsis_gcc.h **** #endif
 102:Drivers/CMSIS/Include/cmsis_gcc.h **** #ifndef   __UNALIGNED_UINT32_READ
 103:Drivers/CMSIS/Include/cmsis_gcc.h ****   #pragma GCC diagnostic push
 104:Drivers/CMSIS/Include/cmsis_gcc.h ****   #pragma GCC diagnostic ignored "-Wpacked"
 105:Drivers/CMSIS/Include/cmsis_gcc.h ****   #pragma GCC diagnostic ignored "-Wattributes"
 106:Drivers/CMSIS/Include/cmsis_gcc.h ****   __PACKED_STRUCT T_UINT32_READ { uint32_t v; };
 107:Drivers/CMSIS/Include/cmsis_gcc.h ****   #pragma GCC diagnostic pop
 108:Drivers/CMSIS/Include/cmsis_gcc.h ****   #define __UNALIGNED_UINT32_READ(addr)          (((const struct T_UINT32_READ *)(const void *)(add
 109:Drivers/CMSIS/Include/cmsis_gcc.h **** #endif
 110:Drivers/CMSIS/Include/cmsis_gcc.h **** #ifndef   __ALIGNED
 111:Drivers/CMSIS/Include/cmsis_gcc.h ****   #define __ALIGNED(x)                           __attribute__((aligned(x)))
 112:Drivers/CMSIS/Include/cmsis_gcc.h **** #endif
 113:Drivers/CMSIS/Include/cmsis_gcc.h **** #ifndef   __RESTRICT
 114:Drivers/CMSIS/Include/cmsis_gcc.h ****   #define __RESTRICT                             __restrict
 115:Drivers/CMSIS/Include/cmsis_gcc.h **** #endif
 116:Drivers/CMSIS/Include/cmsis_gcc.h **** 
 117:Drivers/CMSIS/Include/cmsis_gcc.h **** 
 118:Drivers/CMSIS/Include/cmsis_gcc.h **** /* ###########################  Core Function Access  ########################### */
 119:Drivers/CMSIS/Include/cmsis_gcc.h **** /** \ingroup  CMSIS_Core_FunctionInterface
 120:Drivers/CMSIS/Include/cmsis_gcc.h ****     \defgroup CMSIS_Core_RegAccFunctions CMSIS Core Register Access Functions
 121:Drivers/CMSIS/Include/cmsis_gcc.h ****   @{
 122:Drivers/CMSIS/Include/cmsis_gcc.h ****  */
 123:Drivers/CMSIS/Include/cmsis_gcc.h **** 
 124:Drivers/CMSIS/Include/cmsis_gcc.h **** /**
 125:Drivers/CMSIS/Include/cmsis_gcc.h ****   \brief   Enable IRQ Interrupts
 126:Drivers/CMSIS/Include/cmsis_gcc.h ****   \details Enables IRQ interrupts by clearing the I-bit in the CPSR.
 127:Drivers/CMSIS/Include/cmsis_gcc.h ****            Can only be executed in Privileged modes.
 128:Drivers/CMSIS/Include/cmsis_gcc.h ****  */
 129:Drivers/CMSIS/Include/cmsis_gcc.h **** __STATIC_FORCEINLINE void __enable_irq(void)
 130:Drivers/CMSIS/Include/cmsis_gcc.h **** {
 131:Drivers/CMSIS/Include/cmsis_gcc.h ****   __ASM volatile ("cpsie i" : : : "memory");
 132:Drivers/CMSIS/Include/cmsis_gcc.h **** }
 133:Drivers/CMSIS/Include/cmsis_gcc.h **** 
 134:Drivers/CMSIS/Include/cmsis_gcc.h **** 
 135:Drivers/CMSIS/Include/cmsis_gcc.h **** /**
 136:Drivers/CMSIS/Include/cmsis_gcc.h ****   \brief   Disable IRQ Interrupts
 137:Drivers/CMSIS/Include/cmsis_gcc.h ****   \details Disables IRQ interrupts by setting the I-bit in the CPSR.
 138:Drivers/CMSIS/Include/cmsis_gcc.h ****            Can only be executed in Privileged modes.
 139:Drivers/CMSIS/Include/cmsis_gcc.h ****  */
 140:Drivers/CMSIS/Include/cmsis_gcc.h **** __STATIC_FORCEINLINE void __disable_irq(void)
  80              		.loc 2 140 27 view .LVU10
  81              	.LBB6:
 141:Drivers/CMSIS/Include/cmsis_gcc.h **** {
 142:Drivers/CMSIS/Include/cmsis_gcc.h ****   __ASM volatile ("cpsid i" : : : "memory");
  82              		.loc 2 142 3 view .LVU11
  83              		.syntax unified
  84              	@ 142 "Drivers/CMSIS/Include/cmsis_gcc.h" 1
  85 0000 72B6     		cpsid i
  86              	@ 0 "" 2
  87              		.thumb
  88              		.syntax unified
  89              	.L6:
  90              	.LBE6:
  91              	.LBE5:
ARM GAS  /tmp/ccSZlhiq.s 			page 8


 170:Core/Src/main.c ****   while (1)
  92              		.loc 1 170 3 view .LVU12
 171:Core/Src/main.c ****   {
 172:Core/Src/main.c ****   }
  93              		.loc 1 172 3 view .LVU13
 170:Core/Src/main.c ****   while (1)
  94              		.loc 1 170 9 view .LVU14
  95 0002 FEE7     		b	.L6
  96              		.cfi_endproc
  97              	.LFE68:
  99              		.section	.text.SystemClock_Config,"ax",%progbits
 100              		.align	1
 101              		.global	SystemClock_Config
 102              		.syntax unified
 103              		.thumb
 104              		.thumb_func
 106              	SystemClock_Config:
 107              	.LFB66:
 109:Core/Src/main.c ****   RCC_OscInitTypeDef RCC_OscInitStruct = {0};
 108              		.loc 1 109 1 view -0
 109              		.cfi_startproc
 110              		@ args = 0, pretend = 0, frame = 64
 111              		@ frame_needed = 0, uses_anonymous_args = 0
 112 0000 00B5     		push	{lr}
 113              		.cfi_def_cfa_offset 4
 114              		.cfi_offset 14, -4
 115 0002 91B0     		sub	sp, sp, #68
 116              		.cfi_def_cfa_offset 72
 110:Core/Src/main.c ****   RCC_ClkInitTypeDef RCC_ClkInitStruct = {0};
 117              		.loc 1 110 3 view .LVU16
 110:Core/Src/main.c ****   RCC_ClkInitTypeDef RCC_ClkInitStruct = {0};
 118              		.loc 1 110 22 is_stmt 0 view .LVU17
 119 0004 2822     		movs	r2, #40
 120 0006 0021     		movs	r1, #0
 121 0008 06A8     		add	r0, sp, #24
 122 000a FFF7FEFF 		bl	memset
 123              	.LVL0:
 111:Core/Src/main.c **** 
 124              		.loc 1 111 3 is_stmt 1 view .LVU18
 111:Core/Src/main.c **** 
 125              		.loc 1 111 22 is_stmt 0 view .LVU19
 126 000e 0023     		movs	r3, #0
 127 0010 0193     		str	r3, [sp, #4]
 128 0012 0293     		str	r3, [sp, #8]
 129 0014 0393     		str	r3, [sp, #12]
 130 0016 0493     		str	r3, [sp, #16]
 131 0018 0593     		str	r3, [sp, #20]
 116:Core/Src/main.c ****   RCC_OscInitStruct.HSIState = RCC_HSI_ON;
 132              		.loc 1 116 3 is_stmt 1 view .LVU20
 116:Core/Src/main.c ****   RCC_OscInitStruct.HSIState = RCC_HSI_ON;
 133              		.loc 1 116 36 is_stmt 0 view .LVU21
 134 001a 0223     		movs	r3, #2
 135 001c 0693     		str	r3, [sp, #24]
 117:Core/Src/main.c ****   RCC_OscInitStruct.HSICalibrationValue = RCC_HSICALIBRATION_DEFAULT;
 136              		.loc 1 117 3 is_stmt 1 view .LVU22
 117:Core/Src/main.c ****   RCC_OscInitStruct.HSICalibrationValue = RCC_HSICALIBRATION_DEFAULT;
 137              		.loc 1 117 30 is_stmt 0 view .LVU23
ARM GAS  /tmp/ccSZlhiq.s 			page 9


 138 001e 0123     		movs	r3, #1
 139 0020 0A93     		str	r3, [sp, #40]
 118:Core/Src/main.c ****   RCC_OscInitStruct.PLL.PLLState = RCC_PLL_NONE;
 140              		.loc 1 118 3 is_stmt 1 view .LVU24
 118:Core/Src/main.c ****   RCC_OscInitStruct.PLL.PLLState = RCC_PLL_NONE;
 141              		.loc 1 118 41 is_stmt 0 view .LVU25
 142 0022 1023     		movs	r3, #16
 143 0024 0B93     		str	r3, [sp, #44]
 119:Core/Src/main.c ****   if (HAL_RCC_OscConfig(&RCC_OscInitStruct) != HAL_OK)
 144              		.loc 1 119 3 is_stmt 1 view .LVU26
 120:Core/Src/main.c ****   {
 145              		.loc 1 120 3 view .LVU27
 120:Core/Src/main.c ****   {
 146              		.loc 1 120 7 is_stmt 0 view .LVU28
 147 0026 06A8     		add	r0, sp, #24
 148 0028 FFF7FEFF 		bl	HAL_RCC_OscConfig
 149              	.LVL1:
 120:Core/Src/main.c ****   {
 150              		.loc 1 120 6 discriminator 1 view .LVU29
 151 002c 68B9     		cbnz	r0, .L11
 127:Core/Src/main.c ****                               |RCC_CLOCKTYPE_PCLK1|RCC_CLOCKTYPE_PCLK2;
 152              		.loc 1 127 3 is_stmt 1 view .LVU30
 127:Core/Src/main.c ****                               |RCC_CLOCKTYPE_PCLK1|RCC_CLOCKTYPE_PCLK2;
 153              		.loc 1 127 31 is_stmt 0 view .LVU31
 154 002e 0F23     		movs	r3, #15
 155 0030 0193     		str	r3, [sp, #4]
 129:Core/Src/main.c ****   RCC_ClkInitStruct.AHBCLKDivider = RCC_SYSCLK_DIV1;
 156              		.loc 1 129 3 is_stmt 1 view .LVU32
 129:Core/Src/main.c ****   RCC_ClkInitStruct.AHBCLKDivider = RCC_SYSCLK_DIV1;
 157              		.loc 1 129 34 is_stmt 0 view .LVU33
 158 0032 0021     		movs	r1, #0
 159 0034 0291     		str	r1, [sp, #8]
 130:Core/Src/main.c ****   RCC_ClkInitStruct.APB1CLKDivider = RCC_HCLK_DIV1;
 160              		.loc 1 130 3 is_stmt 1 view .LVU34
 130:Core/Src/main.c ****   RCC_ClkInitStruct.APB1CLKDivider = RCC_HCLK_DIV1;
 161              		.loc 1 130 35 is_stmt 0 view .LVU35
 162 0036 0391     		str	r1, [sp, #12]
 131:Core/Src/main.c ****   RCC_ClkInitStruct.APB2CLKDivider = RCC_HCLK_DIV1;
 163              		.loc 1 131 3 is_stmt 1 view .LVU36
 131:Core/Src/main.c ****   RCC_ClkInitStruct.APB2CLKDivider = RCC_HCLK_DIV1;
 164              		.loc 1 131 36 is_stmt 0 view .LVU37
 165 0038 0491     		str	r1, [sp, #16]
 132:Core/Src/main.c **** 
 166              		.loc 1 132 3 is_stmt 1 view .LVU38
 132:Core/Src/main.c **** 
 167              		.loc 1 132 36 is_stmt 0 view .LVU39
 168 003a 0591     		str	r1, [sp, #20]
 134:Core/Src/main.c ****   {
 169              		.loc 1 134 3 is_stmt 1 view .LVU40
 134:Core/Src/main.c ****   {
 170              		.loc 1 134 7 is_stmt 0 view .LVU41
 171 003c 01A8     		add	r0, sp, #4
 172 003e FFF7FEFF 		bl	HAL_RCC_ClockConfig
 173              	.LVL2:
 134:Core/Src/main.c ****   {
 174              		.loc 1 134 6 discriminator 1 view .LVU42
 175 0042 20B9     		cbnz	r0, .L12
ARM GAS  /tmp/ccSZlhiq.s 			page 10


 138:Core/Src/main.c **** 
 176              		.loc 1 138 1 view .LVU43
 177 0044 11B0     		add	sp, sp, #68
 178              		.cfi_remember_state
 179              		.cfi_def_cfa_offset 4
 180              		@ sp needed
 181 0046 5DF804FB 		ldr	pc, [sp], #4
 182              	.L11:
 183              		.cfi_restore_state
 122:Core/Src/main.c ****   }
 184              		.loc 1 122 5 is_stmt 1 view .LVU44
 185 004a FFF7FEFF 		bl	Error_Handler
 186              	.LVL3:
 187              	.L12:
 136:Core/Src/main.c ****   }
 188              		.loc 1 136 5 view .LVU45
 189 004e FFF7FEFF 		bl	Error_Handler
 190              	.LVL4:
 191              		.cfi_endproc
 192              	.LFE66:
 194              		.section	.text.main,"ax",%progbits
 195              		.align	1
 196              		.global	main
 197              		.syntax unified
 198              		.thumb
 199              		.thumb_func
 201              	main:
 202              	.LFB65:
  65:Core/Src/main.c ****   /* USER CODE BEGIN 1 */
 203              		.loc 1 65 1 view -0
 204              		.cfi_startproc
 205              		@ Volatile: function does not return.
 206              		@ args = 0, pretend = 0, frame = 0
 207              		@ frame_needed = 0, uses_anonymous_args = 0
 208 0000 08B5     		push	{r3, lr}
 209              		.cfi_def_cfa_offset 8
 210              		.cfi_offset 3, -8
 211              		.cfi_offset 14, -4
  73:Core/Src/main.c **** 
 212              		.loc 1 73 3 view .LVU47
 213 0002 FFF7FEFF 		bl	HAL_Init
 214              	.LVL5:
  76:Core/Src/main.c ****   /* USER CODE END Init */
 215              		.loc 1 76 3 view .LVU48
 216 0006 FFF7FEFF 		bl	gpio_init
 217              	.LVL6:
  80:Core/Src/main.c **** 
 218              		.loc 1 80 3 view .LVU49
 219 000a FFF7FEFF 		bl	SystemClock_Config
 220              	.LVL7:
  87:Core/Src/main.c ****   /* USER CODE BEGIN 2 */
 221              		.loc 1 87 3 view .LVU50
 222 000e FFF7FEFF 		bl	MX_GPIO_Init
 223              	.LVL8:
 224              	.L14:
  94:Core/Src/main.c ****   {
 225              		.loc 1 94 3 view .LVU51
ARM GAS  /tmp/ccSZlhiq.s 			page 11


  97:Core/Src/main.c ****     HAL_Delay(100);
 226              		.loc 1 97 5 view .LVU52
 227 0012 FFF7FEFF 		bl	gpio_togglepin
 228              	.LVL9:
  98:Core/Src/main.c ****         /* USER CODE BEGIN 3 */
 229              		.loc 1 98 5 discriminator 1 view .LVU53
 230 0016 6420     		movs	r0, #100
 231 0018 FFF7FEFF 		bl	HAL_Delay
 232              	.LVL10:
  94:Core/Src/main.c ****   {
 233              		.loc 1 94 9 view .LVU54
 234 001c F9E7     		b	.L14
 235              		.cfi_endproc
 236              	.LFE65:
 238              		.text
 239              	.Letext0:
 240              		.file 3 "/home/bugraaa/.config/Code/User/globalStorage/bmd.stm32-for-vscode/@xpack-dev-tools/arm-n
 241              		.file 4 "/home/bugraaa/.config/Code/User/globalStorage/bmd.stm32-for-vscode/@xpack-dev-tools/arm-n
 242              		.file 5 "Drivers/CMSIS/Device/ST/STM32F1xx/Include/stm32f103xb.h"
 243              		.file 6 "Drivers/STM32F1xx_HAL_Driver/Inc/stm32f1xx_hal_def.h"
 244              		.file 7 "Drivers/STM32F1xx_HAL_Driver/Inc/stm32f1xx_hal_rcc.h"
 245              		.file 8 "Drivers/STM32F1xx_HAL_Driver/Inc/stm32f1xx_hal_rcc_ex.h"
 246              		.file 9 "Core/Inc/blinkled.h"
 247              		.file 10 "Drivers/STM32F1xx_HAL_Driver/Inc/stm32f1xx_hal.h"
 248              		.file 11 "<built-in>"
ARM GAS  /tmp/ccSZlhiq.s 			page 12


DEFINED SYMBOLS
                            *ABS*:00000000 main.c
     /tmp/ccSZlhiq.s:19     .text.MX_GPIO_Init:00000000 $t
     /tmp/ccSZlhiq.s:24     .text.MX_GPIO_Init:00000000 MX_GPIO_Init
     /tmp/ccSZlhiq.s:57     .text.MX_GPIO_Init:0000001c $d
     /tmp/ccSZlhiq.s:62     .text.Error_Handler:00000000 $t
     /tmp/ccSZlhiq.s:68     .text.Error_Handler:00000000 Error_Handler
     /tmp/ccSZlhiq.s:100    .text.SystemClock_Config:00000000 $t
     /tmp/ccSZlhiq.s:106    .text.SystemClock_Config:00000000 SystemClock_Config
     /tmp/ccSZlhiq.s:195    .text.main:00000000 $t
     /tmp/ccSZlhiq.s:201    .text.main:00000000 main

UNDEFINED SYMBOLS
memset
HAL_RCC_OscConfig
HAL_RCC_ClockConfig
HAL_Init
gpio_init
gpio_togglepin
HAL_Delay
